HV000001: Hibernate Validator 6.0.14.Final
Starting LemoApplication on XTZ-01712061746 with PID 1500 (started by Administrator in F:\网易云爬虫\lemo)
No active profile set, falling back to default profiles: default
Devtools property defaults active! Set 'spring.devtools.add-properties' to 'false' to disable
For additional web related logging consider setting the 'logging.level.web' property to 'DEBUG'
Searching for mappers annotated with @Mapper
Using auto-configuration base package 'com.lemo'
Identified candidate component class: file [F:\网易云爬虫\lemo\target\classes\com\lemo\mapper\UserMapper.class]
Creating MapperFactoryBean with name 'userMapper' and 'com.lemo.mapper.UserMapper' mapperInterface
Enabling autowire by type for MapperFactoryBean with name 'userMapper'.
Tomcat initialized with port(s): 8080 (http)
Root WebApplicationContext: initialization completed in 3723 ms
Parsed configuration file: 'class path resource [mybatis-config.xml]'
Property 'mapperLocations' was not specified or no matching resources found
Initializing ExecutorService 'applicationTaskExecutor'
Adding welcome page: class path resource [static/index.html]
No org.mybatis.spring.mapper.MapperFactoryBean found.
Initializing ExecutorService 'taskScheduler'
LiveReload server is running on port 35729
Tomcat started on port(s): 8080 (http) with context path ''
Started LemoApplication in 6.717 seconds (JVM running for 8.49)
